CRITICAL - 2022-09-08 17:05:25 --> Invalid file: Layout/menu.php
in SYSTEMPATH\Exceptions\FrameworkException.php on line 33.
 1 SYSTEMPATH\View\View.php(201): CodeIgniter\Exceptions\FrameworkException::forInvalidFile('Layout/menu.php')
 2 SYSTEMPATH\View\View.php(229): CodeIgniter\View\View->render('Layout/menu', [], true)
 3 SYSTEMPATH\Common.php(1142): CodeIgniter\View\View->render('Anterior/welcome_message', [], true)
 4 APPPATH\Controllers\Home.php(9): view('Anterior/welcome_message')
 5 SYSTEMPATH\CodeIgniter.php(907): App\Controllers\Home->index()
 6 SYSTEMPATH\CodeIgniter.php(457): CodeIgniter\CodeIgniter->runController(Object(App\Controllers\Home))
 7 SYSTEMPATH\CodeIgniter.php(340): CodeIgniter\CodeIgniter->handleRequest(null, Object(Config\Cache), false)
 8 FCPATH\index.php(67): CodeIgniter\CodeIgniter->run()
CRITICAL - 2022-09-08 17:10:40 --> Could not find keyfile: app/Views/key.json
in FCPATH\vendor\google\gax\src\CredentialsWrapper.php on line 140.
 1 FCPATH\vendor\google\gax\src\GapicClientTrait.php(429): Google\ApiCore\CredentialsWrapper::build([...])
 2 FCPATH\vendor\google\gax\src\GapicClientTrait.php(404): Google\Cloud\Vision\V1\Gapic\ImageAnnotatorGapicClient->createCredentialsWrapper('app/Views/key.json', [...])
 3 FCPATH\vendor\google\cloud-vision\src\V1\Gapic\ImageAnnotatorGapicClient.php(250): Google\Cloud\Vision\V1\Gapic\ImageAnnotatorGapicClient->setClientOptions([...])
 4 APPPATH\Views\Anterior\foto.php(20): Google\Cloud\Vision\V1\Gapic\ImageAnnotatorGapicClient->__construct([...])
 5 SYSTEMPATH\View\View.php(213): include('APPPATH\\Views\\Anterior\\foto.php')
 6 SYSTEMPATH\View\View.php(216): CodeIgniter\View\View->CodeIgniter\View\{closure}()
 7 SYSTEMPATH\Common.php(1142): CodeIgniter\View\View->render('Anterior/foto', [], true)
 8 APPPATH\Controllers\Home.php(20): view('Anterior/foto', [...])
 9 SYSTEMPATH\CodeIgniter.php(907): App\Controllers\Home->foto('conjunto-muebles-hogar_74855-15461.webp')
10 SYSTEMPATH\CodeIgniter.php(457): CodeIgniter\CodeIgniter->runController(Object(App\Controllers\Home))
11 SYSTEMPATH\CodeIgniter.php(340): CodeIgniter\CodeIgniter->handleRequest(null, Object(Config\Cache), false)
12 FCPATH\index.php(67): CodeIgniter\CodeIgniter->run()
CRITICAL - 2022-09-08 17:11:42 --> Could not find keyfile: app/Views/key.json
in FCPATH\vendor\google\gax\src\CredentialsWrapper.php on line 140.
 1 FCPATH\vendor\google\gax\src\GapicClientTrait.php(429): Google\ApiCore\CredentialsWrapper::build([...])
 2 FCPATH\vendor\google\gax\src\GapicClientTrait.php(404): Google\Cloud\Vision\V1\Gapic\ImageAnnotatorGapicClient->createCredentialsWrapper('app/Views/key.json', [...])
 3 FCPATH\vendor\google\cloud-vision\src\V1\Gapic\ImageAnnotatorGapicClient.php(250): Google\Cloud\Vision\V1\Gapic\ImageAnnotatorGapicClient->setClientOptions([...])
 4 APPPATH\Views\Anterior\foto.php(20): Google\Cloud\Vision\V1\Gapic\ImageAnnotatorGapicClient->__construct([...])
 5 SYSTEMPATH\View\View.php(213): include('APPPATH\\Views\\Anterior\\foto.php')
 6 SYSTEMPATH\View\View.php(216): CodeIgniter\View\View->CodeIgniter\View\{closure}()
 7 SYSTEMPATH\Common.php(1142): CodeIgniter\View\View->render('Anterior/foto', [], true)
 8 APPPATH\Controllers\Home.php(20): view('Anterior/foto', [...])
 9 SYSTEMPATH\CodeIgniter.php(907): App\Controllers\Home->foto('conjunto-muebles-hogar_74855-15461.webp')
10 SYSTEMPATH\CodeIgniter.php(457): CodeIgniter\CodeIgniter->runController(Object(App\Controllers\Home))
11 SYSTEMPATH\CodeIgniter.php(340): CodeIgniter\CodeIgniter->handleRequest(null, Object(Config\Cache), false)
12 FCPATH\index.php(67): CodeIgniter\CodeIgniter->run()
CRITICAL - 2022-09-08 17:15:47 --> Could not find keyfile: app/Views/key.json
in FCPATH\vendor\google\gax\src\CredentialsWrapper.php on line 140.
 1 FCPATH\vendor\google\gax\src\GapicClientTrait.php(429): Google\ApiCore\CredentialsWrapper::build([...])
 2 FCPATH\vendor\google\gax\src\GapicClientTrait.php(404): Google\Cloud\Vision\V1\Gapic\ImageAnnotatorGapicClient->createCredentialsWrapper('app/Views/key.json', [...])
 3 FCPATH\vendor\google\cloud-vision\src\V1\Gapic\ImageAnnotatorGapicClient.php(250): Google\Cloud\Vision\V1\Gapic\ImageAnnotatorGapicClient->setClientOptions([...])
 4 APPPATH\Views\Anterior\foto.php(20): Google\Cloud\Vision\V1\Gapic\ImageAnnotatorGapicClient->__construct([...])
 5 SYSTEMPATH\View\View.php(213): include('APPPATH\\Views\\Anterior\\foto.php')
 6 SYSTEMPATH\View\View.php(216): CodeIgniter\View\View->CodeIgniter\View\{closure}()
 7 SYSTEMPATH\Common.php(1142): CodeIgniter\View\View->render('Anterior/foto', [], true)
 8 APPPATH\Controllers\Home.php(20): view('Anterior/foto', [...])
 9 SYSTEMPATH\CodeIgniter.php(907): App\Controllers\Home->foto('1')
10 SYSTEMPATH\CodeIgniter.php(457): CodeIgniter\CodeIgniter->runController(Object(App\Controllers\Home))
11 SYSTEMPATH\CodeIgniter.php(340): CodeIgniter\CodeIgniter->handleRequest(null, Object(Config\Cache), false)
12 FCPATH\index.php(67): CodeIgniter\CodeIgniter->run()
CRITICAL - 2022-09-08 17:16:39 --> Could not find keyfile: app/Views/key.json
in FCPATH\vendor\google\gax\src\CredentialsWrapper.php on line 140.
 1 FCPATH\vendor\google\gax\src\GapicClientTrait.php(429): Google\ApiCore\CredentialsWrapper::build([...])
 2 FCPATH\vendor\google\gax\src\GapicClientTrait.php(404): Google\Cloud\Vision\V1\Gapic\ImageAnnotatorGapicClient->createCredentialsWrapper('app/Views/key.json', [...])
 3 FCPATH\vendor\google\cloud-vision\src\V1\Gapic\ImageAnnotatorGapicClient.php(250): Google\Cloud\Vision\V1\Gapic\ImageAnnotatorGapicClient->setClientOptions([...])
 4 APPPATH\Views\Anterior\foto.php(20): Google\Cloud\Vision\V1\Gapic\ImageAnnotatorGapicClient->__construct([...])
 5 SYSTEMPATH\View\View.php(213): include('APPPATH\\Views\\Anterior\\foto.php')
 6 SYSTEMPATH\View\View.php(216): CodeIgniter\View\View->CodeIgniter\View\{closure}()
 7 SYSTEMPATH\Common.php(1142): CodeIgniter\View\View->render('Anterior/foto', [], true)
 8 APPPATH\Controllers\Home.php(20): view('Anterior/foto', [...])
 9 SYSTEMPATH\CodeIgniter.php(907): App\Controllers\Home->foto('1')
10 SYSTEMPATH\CodeIgniter.php(457): CodeIgniter\CodeIgniter->runController(Object(App\Controllers\Home))
11 SYSTEMPATH\CodeIgniter.php(340): CodeIgniter\CodeIgniter->handleRequest(null, Object(Config\Cache), false)
12 FCPATH\index.php(67): CodeIgniter\CodeIgniter->run()
CRITICAL - 2022-09-08 17:16:42 --> Could not find keyfile: app/Views/key.json
in FCPATH\vendor\google\gax\src\CredentialsWrapper.php on line 140.
 1 FCPATH\vendor\google\gax\src\GapicClientTrait.php(429): Google\ApiCore\CredentialsWrapper::build([...])
 2 FCPATH\vendor\google\gax\src\GapicClientTrait.php(404): Google\Cloud\Vision\V1\Gapic\ImageAnnotatorGapicClient->createCredentialsWrapper('app/Views/key.json', [...])
 3 FCPATH\vendor\google\cloud-vision\src\V1\Gapic\ImageAnnotatorGapicClient.php(250): Google\Cloud\Vision\V1\Gapic\ImageAnnotatorGapicClient->setClientOptions([...])
 4 APPPATH\Views\Anterior\foto.php(20): Google\Cloud\Vision\V1\Gapic\ImageAnnotatorGapicClient->__construct([...])
 5 SYSTEMPATH\View\View.php(213): include('APPPATH\\Views\\Anterior\\foto.php')
 6 SYSTEMPATH\View\View.php(216): CodeIgniter\View\View->CodeIgniter\View\{closure}()
 7 SYSTEMPATH\Common.php(1142): CodeIgniter\View\View->render('Anterior/foto', [], true)
 8 APPPATH\Controllers\Home.php(20): view('Anterior/foto', [...])
 9 SYSTEMPATH\CodeIgniter.php(907): App\Controllers\Home->foto('1')
10 SYSTEMPATH\CodeIgniter.php(457): CodeIgniter\CodeIgniter->runController(Object(App\Controllers\Home))
11 SYSTEMPATH\CodeIgniter.php(340): CodeIgniter\CodeIgniter->handleRequest(null, Object(Config\Cache), false)
12 FCPATH\index.php(67): CodeIgniter\CodeIgniter->run()
